<?xml version="1.0" encoding="UTF-8"?>
<!-- Generated by org.testng.reporters.JUnitXMLReporter -->
<testsuite ignored="1" hostname="Abhishek_2" failures="0" tests="2" name="Test" time="18.083" errors="0" timestamp="2025-06-04T08:33:28 IST">
  <testcase classname="GroupSuit.Demo2" name="demoWeb" time="8.468"/>
  <testcase classname="GroupSuit.Demo3" name="MakeMyTrip" time="9.395"/>
  <testcase classname="GroupSuit.Demo1" name="amazon" time="0.0">
    <ignored/>
  </testcase> <!-- amazon -->
</testsuite> <!-- Test -->
